[0.087s] Invoking command in '/root/ros2_ws/build/my_drone_pkg': CMAKE_PREFIX_PATH=/opt/ros/humble /usr/bin/cmake --build /root/ros2_ws/build/my_drone_pkg -- -j8 -l8
[0.693s] [35m[1mConsolidate compiler generated dependencies of target drone_mission_node[0m
[0.875s] [ 50%] [32mBuilding CXX object CMakeFiles/drone_mission_node.dir/src/drone_mission_node.cpp.o[0m
[5.364s] [01m[K/root/ros2_ws/src/my_drone_pkg/src/drone_mission_node.cpp:[m[K In member function ‘[01m[Kvoid DroneMissionNode::run_mission()[m[K’:
[5.365s] [01m[K/root/ros2_ws/src/my_drone_pkg/src/drone_mission_node.cpp:245:30:[m[K [01;35m[Kwarning: [m[Kunused variable ‘[01m[Koffboard_start_result[m[K’ [[01;35m[K]8;;https://gcc.gnu.org/onlinedocs/gcc/Warning-Options.html#index-Wunused-variable-Wunused-variable]8;;[m[K]
[5.365s]   245 |             Offboard::Result [01;35m[Koffboard_start_result[m[K = offboard_->start();
[5.365s]       |                              [01;35m[K^~~~~~~~~~~~~~~~~~~~~[m[K
[8.316s] [100%] [32m[1mLinking CXX executable drone_mission_node[0m
[9.113s] [100%] Built target drone_mission_node
[9.192s] Invoked command in '/root/ros2_ws/build/my_drone_pkg' returned '0': CMAKE_PREFIX_PATH=/opt/ros/humble /usr/bin/cmake --build /root/ros2_ws/build/my_drone_pkg -- -j8 -l8
[9.253s] Invoking command in '/root/ros2_ws/build/my_drone_pkg': CMAKE_PREFIX_PATH=/opt/ros/humble /usr/bin/cmake --install /root/ros2_ws/build/my_drone_pkg
[9.311s] -- Install configuration: ""
[9.314s] -- Installing: /root/ros2_ws/install/my_drone_pkg/lib/my_drone_pkg/drone_mission_node
[9.319s] -- Set runtime path of "/root/ros2_ws/install/my_drone_pkg/lib/my_drone_pkg/drone_mission_node" to ""
[9.320s] -- Installing: /root/ros2_ws/install/my_drone_pkg/share/ament_index/resource_index/package_run_dependencies/my_drone_pkg
[9.320s] -- Installing: /root/ros2_ws/install/my_drone_pkg/share/ament_index/resource_index/parent_prefix_path/my_drone_pkg
[9.321s] -- Installing: /root/ros2_ws/install/my_drone_pkg/share/my_drone_pkg/environment/ament_prefix_path.sh
[9.321s] -- Installing: /root/ros2_ws/install/my_drone_pkg/share/my_drone_pkg/environment/ament_prefix_path.dsv
[9.322s] -- Installing: /root/ros2_ws/install/my_drone_pkg/share/my_drone_pkg/environment/path.sh
[9.322s] -- Installing: /root/ros2_ws/install/my_drone_pkg/share/my_drone_pkg/environment/path.dsv
[9.322s] -- Installing: /root/ros2_ws/install/my_drone_pkg/share/my_drone_pkg/local_setup.bash
[9.322s] -- Installing: /root/ros2_ws/install/my_drone_pkg/share/my_drone_pkg/local_setup.sh
[9.323s] -- Installing: /root/ros2_ws/install/my_drone_pkg/share/my_drone_pkg/local_setup.zsh
[9.323s] -- Installing: /root/ros2_ws/install/my_drone_pkg/share/my_drone_pkg/local_setup.dsv
[9.324s] -- Installing: /root/ros2_ws/install/my_drone_pkg/share/my_drone_pkg/package.dsv
[9.324s] -- Installing: /root/ros2_ws/install/my_drone_pkg/share/ament_index/resource_index/packages/my_drone_pkg
[9.325s] -- Installing: /root/ros2_ws/install/my_drone_pkg/share/my_drone_pkg/cmake/my_drone_pkgConfig.cmake
[9.325s] -- Installing: /root/ros2_ws/install/my_drone_pkg/share/my_drone_pkg/cmake/my_drone_pkgConfig-version.cmake
[9.325s] -- Installing: /root/ros2_ws/install/my_drone_pkg/share/my_drone_pkg/package.xml
[9.336s] Invoked command in '/root/ros2_ws/build/my_drone_pkg' returned '0': CMAKE_PREFIX_PATH=/opt/ros/humble /usr/bin/cmake --install /root/ros2_ws/build/my_drone_pkg
