[0.358s] DEBUG:colcon:Command line arguments: ['/usr/bin/colcon', 'build']
[0.359s] DEBUG:colcon:Parsed command line arguments: Namespace(log_base=None, log_level=None, verb_name='build', build_base='build', install_base='install', merge_install=False, symlink_install=False, test_result_base=None, continue_on_error=False, executor='parallel', parallel_workers=8, event_handlers=None, ignore_user_meta=False, metas=['./colcon.meta'], base_paths=['.'], packages_ignore=None, packages_ignore_regex=None, paths=None, packages_up_to=None, packages_up_to_regex=None, packages_above=None, packages_above_and_dependencies=None, packages_above_depth=None, packages_select_by_dep=None, packages_skip_by_dep=None, packages_skip_up_to=None, packages_select_build_failed=False, packages_skip_build_finished=False, packages_select_test_failures=False, packages_skip_test_passed=False, packages_select=None, packages_skip=None, packages_select_regex=None, packages_skip_regex=None, packages_start=None, packages_end=None, allow_overriding=[], cmake_args=None, cmake_target=None, cmake_target_skip_unavailable=False, cmake_clean_cache=False, cmake_clean_first=False, cmake_force_configure=False, ament_cmake_args=None, catkin_cmake_args=None, catkin_skip_building_tests=False, mixin_files=None, mixin=None, verb_parser=<colcon_mixin.mixin.mixin_argument.MixinArgumentDecorator object at 0x7ffffdf5d9c0>, verb_extension=<colcon_core.verb.build.BuildVerb object at 0x7ffffe072890>, main=<bound method BuildVerb.main of <colcon_core.verb.build.BuildVerb object at 0x7ffffe072890>>, mixin_verb=('build',))
[0.640s] Level 1:colcon.colcon_core.package_discovery:discover_packages(colcon_meta) check parameters
[0.640s] Level 1:colcon.colcon_core.package_discovery:discover_packages(recursive) check parameters
[0.640s] Level 1:colcon.colcon_core.package_discovery:discover_packages(ignore) check parameters
[0.640s] Level 1:colcon.colcon_core.package_discovery:discover_packages(path) check parameters
[0.640s] Level 1:colcon.colcon_core.package_discovery:discover_packages(colcon_meta) discover
[0.640s] Level 1:colcon.colcon_core.package_discovery:discover_packages(recursive) discover
[0.640s] INFO:colcon.colcon_core.package_discovery:Crawling recursively for packages in '/root/ros2_ws/src/my_drone_pkg'
[0.641s] Level 1:colcon.colcon_core.package_identification:_identify(.) by extensions ['ignore', 'ignore_ament_install']
[0.641s] Level 1:colcon.colcon_core.package_identification:_identify(.) by extension 'ignore'
[0.641s] Level 1:colcon.colcon_core.package_identification:_identify(.) by extension 'ignore_ament_install'
[0.641s] Level 1:colcon.colcon_core.package_identification:_identify(.) by extensions ['colcon_pkg']
[0.641s] Level 1:colcon.colcon_core.package_identification:_identify(.) by extension 'colcon_pkg'
[0.641s] Level 1:colcon.colcon_core.package_identification:_identify(.) by extensions ['colcon_meta']
[0.641s] Level 1:colcon.colcon_core.package_identification:_identify(.) by extension 'colcon_meta'
[0.641s] Level 1:colcon.colcon_core.package_identification:_identify(.) by extensions ['ros']
[0.641s] Level 1:colcon.colcon_core.package_identification:_identify(.) by extension 'ros'
[0.662s] DEBUG:colcon.colcon_core.package_identification:Package '.' with type 'ros.ament_cmake' and name 'my_drone_pkg'
[0.662s] Level 1:colcon.colcon_core.package_discovery:discover_packages(recursive) using defaults
[0.662s] Level 1:colcon.colcon_core.package_discovery:discover_packages(ignore) discover
[0.662s] Level 1:colcon.colcon_core.package_discovery:discover_packages(ignore) using defaults
[0.662s] Level 1:colcon.colcon_core.package_discovery:discover_packages(path) discover
[0.662s] Level 1:colcon.colcon_core.package_discovery:discover_packages(path) using defaults
[0.702s] Level 1:colcon.colcon_core.package_discovery:discover_packages(prefix_path) check parameters
[0.702s] Level 1:colcon.colcon_core.package_discovery:discover_packages(prefix_path) discover
[0.706s] DEBUG:colcon.colcon_installed_package_information.package_discovery:Found 271 installed packages in /opt/ros/humble
[0.707s] Level 1:colcon.colcon_core.package_discovery:discover_packages(prefix_path) using defaults
[0.761s] Level 5:colcon.colcon_core.verb:set package 'my_drone_pkg' build argument 'cmake_args' from command line to 'None'
[0.762s] Level 5:colcon.colcon_core.verb:set package 'my_drone_pkg' build argument 'cmake_target' from command line to 'None'
[0.762s] Level 5:colcon.colcon_core.verb:set package 'my_drone_pkg' build argument 'cmake_target_skip_unavailable' from command line to 'False'
[0.762s] Level 5:colcon.colcon_core.verb:set package 'my_drone_pkg' build argument 'cmake_clean_cache' from command line to 'False'
[0.762s] Level 5:colcon.colcon_core.verb:set package 'my_drone_pkg' build argument 'cmake_clean_first' from command line to 'False'
[0.762s] Level 5:colcon.colcon_core.verb:set package 'my_drone_pkg' build argument 'cmake_force_configure' from command line to 'False'
[0.762s] Level 5:colcon.colcon_core.verb:set package 'my_drone_pkg' build argument 'ament_cmake_args' from command line to 'None'
[0.762s] Level 5:colcon.colcon_core.verb:set package 'my_drone_pkg' build argument 'catkin_cmake_args' from command line to 'None'
[0.762s] Level 5:colcon.colcon_core.verb:set package 'my_drone_pkg' build argument 'catkin_skip_building_tests' from command line to 'False'
[0.762s] DEBUG:colcon.colcon_core.verb:Building package 'my_drone_pkg' with the following arguments: {'ament_cmake_args': None, 'build_base': '/root/ros2_ws/src/my_drone_pkg/build/my_drone_pkg', 'catkin_cmake_args': None, 'catkin_skip_building_tests': False, 'cmake_args': None, 'cmake_clean_cache': False, 'cmake_clean_first': False, 'cmake_force_configure': False, 'cmake_target': None, 'cmake_target_skip_unavailable': False, 'install_base': '/root/ros2_ws/src/my_drone_pkg/install/my_drone_pkg', 'merge_install': False, 'path': '/root/ros2_ws/src/my_drone_pkg', 'symlink_install': False, 'test_result_base': None}
[0.762s] INFO:colcon.colcon_core.executor:Executing jobs using 'parallel' executor
[0.768s] DEBUG:colcon.colcon_parallel_executor.executor.parallel:run_until_complete
[0.769s] INFO:colcon.colcon_ros.task.ament_cmake.build:Building ROS package in '/root/ros2_ws/src/my_drone_pkg' with build type 'ament_cmake'
[0.770s] INFO:colcon.colcon_cmake.task.cmake.build:Building CMake package in '/root/ros2_ws/src/my_drone_pkg'
[0.777s] INFO:colcon.colcon_core.plugin_system:Skipping extension 'colcon_core.shell.bat': Not used on non-Windows systems
[0.777s] INFO:colcon.colcon_core.shell:Skip shell extension 'powershell' for command environment: Not usable outside of PowerShell
[0.777s] DEBUG:colcon.colcon_core.shell:Skip shell extension 'dsv' for command environment
[0.857s] DEBUG:colcon.colcon_core.event_handler.log_command:Invoking command in '/root/ros2_ws/src/my_drone_pkg/build/my_drone_pkg': CMAKE_PREFIX_PATH=/opt/ros/humble /usr/bin/cmake /root/ros2_ws/src/my_drone_pkg -DCMAKE_INSTALL_PREFIX=/root/ros2_ws/src/my_drone_pkg/install/my_drone_pkg
[6.889s] DEBUG:colcon.colcon_core.event_handler.log_command:Invoked command in '/root/ros2_ws/src/my_drone_pkg/build/my_drone_pkg' returned '0': CMAKE_PREFIX_PATH=/opt/ros/humble /usr/bin/cmake /root/ros2_ws/src/my_drone_pkg -DCMAKE_INSTALL_PREFIX=/root/ros2_ws/src/my_drone_pkg/install/my_drone_pkg
[6.903s] DEBUG:colcon.colcon_core.event_handler.log_command:Invoking command in '/root/ros2_ws/src/my_drone_pkg/build/my_drone_pkg': CMAKE_PREFIX_PATH=/opt/ros/humble /usr/bin/cmake --build /root/ros2_ws/src/my_drone_pkg/build/my_drone_pkg -- -j8 -l8
[12.668s] DEBUG:colcon.colcon_core.event_handler.log_command:Invoked command in '/root/ros2_ws/src/my_drone_pkg/build/my_drone_pkg' returned '2': CMAKE_PREFIX_PATH=/opt/ros/humble /usr/bin/cmake --build /root/ros2_ws/src/my_drone_pkg/build/my_drone_pkg -- -j8 -l8
[12.672s] Level 1:colcon.colcon_core.environment:create_environment_scripts_only(my_drone_pkg)
[12.681s] Level 1:colcon.colcon_core.environment:checking '/root/ros2_ws/src/my_drone_pkg/install/my_drone_pkg' for CMake module files
[12.682s] Level 1:colcon.colcon_core.environment:checking '/root/ros2_ws/src/my_drone_pkg/install/my_drone_pkg' for CMake config files
[12.683s] Level 1:colcon.colcon_core.environment:checking '/root/ros2_ws/src/my_drone_pkg/install/my_drone_pkg/bin'
[12.683s] Level 1:colcon.colcon_core.environment:checking '/root/ros2_ws/src/my_drone_pkg/install/my_drone_pkg/lib/pkgconfig/my_drone_pkg.pc'
[12.684s] Level 1:colcon.colcon_core.environment:checking '/root/ros2_ws/src/my_drone_pkg/install/my_drone_pkg/lib/python3.10/site-packages'
[12.684s] Level 1:colcon.colcon_core.environment:checking '/root/ros2_ws/src/my_drone_pkg/install/my_drone_pkg/bin'
[12.684s] INFO:colcon.colcon_core.shell:Creating package script '/root/ros2_ws/src/my_drone_pkg/install/my_drone_pkg/share/my_drone_pkg/package.ps1'
[12.687s] INFO:colcon.colcon_core.shell:Creating package descriptor '/root/ros2_ws/src/my_drone_pkg/install/my_drone_pkg/share/my_drone_pkg/package.dsv'
[12.688s] INFO:colcon.colcon_core.shell:Creating package script '/root/ros2_ws/src/my_drone_pkg/install/my_drone_pkg/share/my_drone_pkg/package.sh'
[12.689s] INFO:colcon.colcon_core.shell:Creating package script '/root/ros2_ws/src/my_drone_pkg/install/my_drone_pkg/share/my_drone_pkg/package.bash'
[12.690s] INFO:colcon.colcon_core.shell:Creating package script '/root/ros2_ws/src/my_drone_pkg/install/my_drone_pkg/share/my_drone_pkg/package.zsh'
[12.692s] Level 1:colcon.colcon_core.environment:create_file_with_runtime_dependencies(/root/ros2_ws/src/my_drone_pkg/install/my_drone_pkg/share/colcon-core/packages/my_drone_pkg)
[12.706s] DEBUG:colcon.colcon_parallel_executor.executor.parallel:closing loop
[12.706s] DEBUG:colcon.colcon_parallel_executor.executor.parallel:loop closed
[12.706s] DEBUG:colcon.colcon_parallel_executor.executor.parallel:run_until_complete finished with '2'
[12.707s] DEBUG:colcon.colcon_core.event_reactor:joining thread
[12.738s] INFO:colcon.colcon_core.plugin_system:Skipping extension 'colcon_notification.desktop_notification.notify_send': Could not find 'notify-send'
[12.738s] INFO:colcon.colcon_core.plugin_system:Skipping extension 'colcon_notification.desktop_notification.terminal_notifier': Not used on non-Darwin systems
[12.738s] INFO:colcon.colcon_core.plugin_system:Skipping extension 'colcon_notification.desktop_notification.win32': Not used on non-Windows systems
[12.739s] INFO:colcon.colcon_notification.desktop_notification:Sending desktop notification using 'notify2'
[12.742s] DEBUG:colcon.colcon_notification.desktop_notification.notify2:Failed to initialize notify2: org.freedesktop.DBus.Error.NotSupported: Unable to autolaunch a dbus-daemon without a $DISPLAY for X11
[12.742s] DEBUG:colcon.colcon_core.event_reactor:joined thread
[12.744s] INFO:colcon.colcon_core.shell:Creating prefix script '/root/ros2_ws/src/my_drone_pkg/install/local_setup.ps1'
[12.746s] INFO:colcon.colcon_core.shell:Creating prefix util module '/root/ros2_ws/src/my_drone_pkg/install/_local_setup_util_ps1.py'
[12.750s] INFO:colcon.colcon_core.shell:Creating prefix chain script '/root/ros2_ws/src/my_drone_pkg/install/setup.ps1'
[12.752s] INFO:colcon.colcon_core.shell:Creating prefix script '/root/ros2_ws/src/my_drone_pkg/install/local_setup.sh'
[12.752s] INFO:colcon.colcon_core.shell:Creating prefix util module '/root/ros2_ws/src/my_drone_pkg/install/_local_setup_util_sh.py'
[12.753s] INFO:colcon.colcon_core.shell:Creating prefix chain script '/root/ros2_ws/src/my_drone_pkg/install/setup.sh'
[12.755s] INFO:colcon.colcon_core.shell:Creating prefix script '/root/ros2_ws/src/my_drone_pkg/install/local_setup.bash'
[12.755s] INFO:colcon.colcon_core.shell:Creating prefix chain script '/root/ros2_ws/src/my_drone_pkg/install/setup.bash'
[12.756s] INFO:colcon.colcon_core.shell:Creating prefix script '/root/ros2_ws/src/my_drone_pkg/install/local_setup.zsh'
[12.757s] INFO:colcon.colcon_core.shell:Creating prefix chain script '/root/ros2_ws/src/my_drone_pkg/install/setup.zsh'
